  PeggleUI.cpp
E:\Users\megal\source\repos\PeggleScripting\PeggleScriptingGUI\Direct2D.h(92,18): warning C4838: conversion from 'UINT' to 'LONG' requires a narrowing conversion
  (compiling source file 'PeggleUI.cpp')
  
E:\Users\megal\source\repos\PeggleScripting\PeggleScriptingGUI\Direct2D.h(92,25): warning C4838: conversion from 'UINT' to 'LONG' requires a narrowing conversion
  (compiling source file 'PeggleUI.cpp')
  
E:\Users\megal\source\repos\PeggleScripting\PeggleScriptingGUI\PeggleUI.cpp(207,25): warning C4305: '*=': truncation from 'double' to 'FLOAT'
E:\Users\megal\source\repos\PeggleScripting\PeggleScriptingGUI\PeggleUI.cpp(250,25): warning C4244: 'argument': conversion from 'float' to 'LONG', possible loss of data
E:\Users\megal\source\repos\PeggleScripting\PeggleScriptingGUI\PeggleUI.cpp(250,18): warning C4244: 'argument': conversion from 'float' to 'LONG', possible loss of data
E:\Users\megal\source\repos\PeggleScripting\PeggleScriptingGUI\PeggleUI.cpp(417,30): warning C4018: '<': signed/unsigned mismatch
E:\Users\megal\source\repos\PeggleScripting\PeggleScriptingGUI\PeggleUI.cpp(459,15): warning C4244: 'return': conversion from 'double' to 'float', possible loss of data
E:\Users\megal\source\repos\PeggleScripting\PeggleScriptingGUI\PeggleUI.cpp(484,72): warning C4244: 'argument': conversion from 'double' to 'float', possible loss of data
E:\Users\megal\source\repos\PeggleScripting\PeggleScriptingGUI\PeggleUI.cpp(508,27): warning C4244: 'initializing': conversion from 'unsigned __int64' to 'float', possible loss of data
E:\Users\megal\source\repos\PeggleScripting\PeggleScriptingGUI\PeggleUI.cpp(514,25): warning C4244: 'initializing': conversion from 'double' to 'float', possible loss of data
  Generating code
E:\Users\megal\source\repos\PeggleScripting\PeggleScriptingGUI\PeggleUI.cpp(182): warning C4715: 'LocateAndGetProcAddressEx': not all control paths return a value
  2 of 713 functions ( 0.3%) were compiled, the rest were copied from previous compilation.
    0 functions were new in current compilation
    10 functions had inline decision re-evaluated but remain unchanged
  Finished generating code
  PeggleScriptingGUI.vcxproj -> E:\Users\megal\source\repos\PeggleScripting\Release\PeggleScriptingGUI.exe
